<?xml version="1.0" encoding="UTF-8"?>
<!-- Generated by org.testng.reporters.JUnitXMLReporter -->
<testsuite ignored="1" hostname="KBlue" failures="0" tests="1" name="Validating Pearson Login Home Page" time="41.36" errors="0" timestamp="2020-08-22T02:00:01 IST">
  <testcase classname="com.pearson.test.LoginTest" name="verifySelectLanguageFunctionality" time="35.124"/>
  <testcase classname="com.pearson.test.LoginTest" name="verifyCountOfLanguageDropDown" time="0.0">
    <ignored/>
  </testcase> <!-- verifyCountOfLanguageDropDown -->
</testsuite> <!-- Validating Pearson Login Home Page -->
